2022.01.31 01:17:01 INFO  tracing is disabled for protocol LSP, to enable tracing of incoming and outgoing JSON messages create an empty file at /home/nico/scala-airport-project/.metals/lsp.trace.json or /home/nico/.cache/metals/lsp.trace.json
2022.01.31 01:17:03 INFO  logging to file /home/nico/scala-airport-project/.metals/metals.log
2022.01.31 01:17:03 INFO  Started: Metals version 0.11.1 in workspace '/home/nico/scala-airport-project' for client Visual Studio Code 1.63.2.
2022.01.31 01:17:03 INFO  Parse release: 11.0.13
2022.01.31 01:17:09 INFO  time: initialize in 5.81s
2022.01.31 01:17:11 WARN  Build server is not auto-connectable.
2022.01.31 01:17:11 WARN  no build target for: /home/nico/scala-airport-project/build.sbt
2022.01.31 01:17:21 INFO  no build target found for /home/nico/scala-airport-project/build.sbt. Using presentation compiler with project's scala-library version: 3.1.0
2022.01.31 01:17:27 INFO  time: code lens generation in 14s
2022.01.31 01:17:48 WARN  no build target for: /home/nico/scala-airport-project/src/main/scala/fileReader/service/CSV.scala
2022.01.31 01:17:52 INFO  time: code lens generation in 2.5s
2022.01.31 01:37:00 WARN  no build target for: /home/nico/scala-airport-project/build.sbt
2022.01.31 01:42:36 WARN  no build target for: /home/nico/scala-airport-project/src/main/scala/fileReader/model/Airport.scala
Jan 31, 2022 1:58:40 AM org.eclipse.lsp4j.jsonrpc.RemoteEndpoint handleCancellation
WARNING: Unmatched cancel notification for request id 667
Jan 31, 2022 1:59:41 AM org.eclipse.lsp4j.jsonrpc.RemoteEndpoint handleCancellation
WARNING: Unmatched cancel notification for request id 913
2022.01.31 02:00:09 WARN  no build target for: /home/nico/scala-airport-project/src/main/scala/fileReader/model/Airport.scala
2022.01.31 02:02:21 WARN  no build target for: /home/nico/scala-airport-project/src/main/scala/fileReader/model/Airport.scala
2022.01.31 02:03:51 WARN  no build target for: /home/nico/scala-airport-project/src/main/scala/fileReader/model/Airport.scala
2022.01.31 02:04:12 WARN  no build target for: /home/nico/scala-airport-project/src/main/scala/Main.scala
Exception in thread "pool-3-thread-1" dotty.tools.dotc.core.TypeError: Toplevel definition <init> is defined in
  /home/nico/scala-airport-project/build.sbt
and also in
  /home/nico/scala-airport-project/src/main/scala/Main.scala
One of these files should be removed from the classpath.
	at dotty.tools.dotc.core.SymDenotations$PackageClassDenotation.dropStale$1(SymDenotations.scala:2439)
	at dotty.tools.dotc.core.SymDenotations$PackageClassDenotation.recur$1(SymDenotations.scala:2403)
	at dotty.tools.dotc.core.SymDenotations$PackageClassDenotation.computeMembersNamed(SymDenotations.scala:2459)
	at dotty.tools.dotc.core.SymDenotations$ClassDenotation.membersNamed(SymDenotations.scala:2012)
	at dotty.tools.dotc.core.SymDenotations$ClassDenotation.findMember(SymDenotations.scala:2063)
	at dotty.tools.dotc.core.Types$Type.go$1(Types.scala:683)
	at dotty.tools.dotc.core.Types$Type.goThis$1(Types.scala:807)
	at dotty.tools.dotc.core.Types$Type.go$1(Types.scala:700)
	at dotty.tools.dotc.core.Types$Type.findMember(Types.scala:870)
	at dotty.tools.dotc.core.Types$Type.memberBasedOnFlags(Types.scala:666)
	at dotty.tools.dotc.core.Types$Type.member(Types.scala:650)
	at dotty.tools.dotc.core.Types$Type.allMembers$$anonfun$1(Types.scala:1011)
	at scala.runtime.function.JProcedure2.apply(JProcedure2.java:15)
	at scala.runtime.function.JProcedure2.apply(JProcedure2.java:10)
	at dotty.tools.dotc.core.Types$Type.memberDenots$$anonfun$1(Types.scala:916)
	at scala.runtime.function.JProcedure1.apply(JProcedure1.java:15)
	at scala.runtime.function.JProcedure1.apply(JProcedure1.java:10)
	at scala.collection.immutable.BitmapIndexedSetNode.foreach(HashSet.scala:937)
	at scala.collection.immutable.HashSet.foreach(HashSet.scala:944)
	at dotty.tools.dotc.core.Types$Type.memberDenots(Types.scala:916)
	at dotty.tools.dotc.core.Types$Type.allMembers(Types.scala:1011)
	at scala.meta.internal.pc.IndexedContext$.accesibleMembers$1(IndexedContext.scala:133)
	at scala.meta.internal.pc.IndexedContext$.scala$meta$internal$pc$IndexedContext$$$extractNames(IndexedContext.scala:188)
	at scala.meta.internal.pc.IndexedContext$LazyWrapper.<init>(IndexedContext.scala:83)
	at scala.meta.internal.pc.IndexedContext$.apply(IndexedContext.scala:71)
	at scala.meta.internal.pc.ScalaPresentationCompiler.complete$$anonfun$1(ScalaPresentationCompiler.scala:157)
	at scala.meta.internal.pc.CompilerAccess.withSharedCompiler(CompilerAccess.scala:137)
	at scala.meta.internal.pc.CompilerAccess.$anonfun$1(CompilerAccess.scala:87)
	at scala.meta.internal.pc.CompilerAccess.onCompilerJobQueue$$anonfun$1(CompilerAccess.scala:197)
	at scala.meta.internal.pc.CompilerJobQueue$Job.run(CompilerJobQueue.scala:139)
	at java.base/java.util.concurrent.ThreadPoolExecutor.runWorker(ThreadPoolExecutor.java:1128)
	at java.base/java.util.concurrent.ThreadPoolExecutor$Worker.run(ThreadPoolExecutor.java:628)
	at java.base/java.lang.Thread.run(Thread.java:829)
Exception in thread "pool-3-thread-2" dotty.tools.dotc.core.TypeError: Toplevel definition <init> is defined in
  /home/nico/scala-airport-project/build.sbt
and also in
  /home/nico/scala-airport-project/src/main/scala/Main.scala
One of these files should be removed from the classpath.
	at dotty.tools.dotc.core.SymDenotations$PackageClassDenotation.dropStale$1(SymDenotations.scala:2439)
	at dotty.tools.dotc.core.SymDenotations$PackageClassDenotation.recur$1(SymDenotations.scala:2403)
	at dotty.tools.dotc.core.SymDenotations$PackageClassDenotation.computeMembersNamed(SymDenotations.scala:2459)
	at dotty.tools.dotc.core.SymDenotations$ClassDenotation.membersNamed(SymDenotations.scala:2012)
	at dotty.tools.dotc.core.SymDenotations$ClassDenotation.findMember(SymDenotations.scala:2063)
	at dotty.tools.dotc.core.Types$Type.go$1(Types.scala:683)
	at dotty.tools.dotc.core.Types$Type.goThis$1(Types.scala:807)
	at dotty.tools.dotc.core.Types$Type.go$1(Types.scala:700)
	at dotty.tools.dotc.core.Types$Type.findMember(Types.scala:870)
	at dotty.tools.dotc.core.Types$Type.memberBasedOnFlags(Types.scala:666)
	at dotty.tools.dotc.core.Types$Type.member(Types.scala:650)
	at dotty.tools.dotc.core.Types$Type.allMembers$$anonfun$1(Types.scala:1011)
	at scala.runtime.function.JProcedure2.apply(JProcedure2.java:15)
	at scala.runtime.function.JProcedure2.apply(JProcedure2.java:10)
	at dotty.tools.dotc.core.Types$Type.memberDenots$$anonfun$1(Types.scala:916)
	at scala.runtime.function.JProcedure1.apply(JProcedure1.java:15)
	at scala.runtime.function.JProcedure1.apply(JProcedure1.java:10)
	at scala.collection.immutable.BitmapIndexedSetNode.foreach(HashSet.scala:937)
	at scala.collection.immutable.HashSet.foreach(HashSet.scala:944)
	at dotty.tools.dotc.core.Types$Type.memberDenots(Types.scala:916)
	at dotty.tools.dotc.core.Types$Type.allMembers(Types.scala:1011)
	at scala.meta.internal.pc.IndexedContext$.accesibleMembers$1(IndexedContext.scala:133)
	at scala.meta.internal.pc.IndexedContext$.scala$meta$internal$pc$IndexedContext$$$extractNames(IndexedContext.scala:188)
	at scala.meta.internal.pc.IndexedContext$LazyWrapper.<init>(IndexedContext.scala:83)
	at scala.meta.internal.pc.IndexedContext$.apply(IndexedContext.scala:71)
	at scala.meta.internal.pc.ScalaPresentationCompiler.complete$$anonfun$1(ScalaPresentationCompiler.scala:157)
	at scala.meta.internal.pc.CompilerAccess.withSharedCompiler(CompilerAccess.scala:137)
	at scala.meta.internal.pc.CompilerAccess.$anonfun$1(CompilerAccess.scala:87)
	at scala.meta.internal.pc.CompilerAccess.onCompilerJobQueue$$anonfun$1(CompilerAccess.scala:197)
	at scala.meta.internal.pc.CompilerJobQueue$Job.run(CompilerJobQueue.scala:139)
	at java.base/java.util.concurrent.ThreadPoolExecutor.runWorker(ThreadPoolExecutor.java:1128)
	at java.base/java.util.concurrent.ThreadPoolExecutor$Worker.run(ThreadPoolExecutor.java:628)
	at java.base/java.lang.Thread.run(Thread.java:829)
Exception in thread "pool-3-thread-3" dotty.tools.dotc.core.TypeError: Toplevel definition <init> is defined in
  /home/nico/scala-airport-project/build.sbt
and also in
  /home/nico/scala-airport-project/src/main/scala/Main.scala
One of these files should be removed from the classpath.
	at dotty.tools.dotc.core.SymDenotations$PackageClassDenotation.dropStale$1(SymDenotations.scala:2439)
	at dotty.tools.dotc.core.SymDenotations$PackageClassDenotation.recur$1(SymDenotations.scala:2403)
	at dotty.tools.dotc.core.SymDenotations$PackageClassDenotation.computeMembersNamed(SymDenotations.scala:2459)
	at dotty.tools.dotc.core.SymDenotations$ClassDenotation.membersNamed(SymDenotations.scala:2012)
	at dotty.tools.dotc.core.SymDenotations$ClassDenotation.findMember(SymDenotations.scala:2063)
	at dotty.tools.dotc.core.Types$Type.go$1(Types.scala:683)
	at dotty.tools.dotc.core.Types$Type.goThis$1(Types.scala:807)
	at dotty.tools.dotc.core.Types$Type.go$1(Types.scala:700)
	at dotty.tools.dotc.core.Types$Type.findMember(Types.scala:870)
	at dotty.tools.dotc.core.Types$Type.memberBasedOnFlags(Types.scala:666)
	at dotty.tools.dotc.core.Types$Type.member(Types.scala:650)
	at dotty.tools.dotc.core.Types$Type.allMembers$$anonfun$1(Types.scala:1011)
	at scala.runtime.function.JProcedure2.apply(JProcedure2.java:15)
	at scala.runtime.function.JProcedure2.apply(JProcedure2.java:10)
	at dotty.tools.dotc.core.Types$Type.memberDenots$$anonfun$1(Types.scala:916)
	at scala.runtime.function.JProcedure1.apply(JProcedure1.java:15)
	at scala.runtime.function.JProcedure1.apply(JProcedure1.java:10)
	at scala.collection.immutable.BitmapIndexedSetNode.foreach(HashSet.scala:937)
	at scala.collection.immutable.HashSet.foreach(HashSet.scala:944)
	at dotty.tools.dotc.core.Types$Type.memberDenots(Types.scala:916)
	at dotty.tools.dotc.core.Types$Type.allMembers(Types.scala:1011)
	at scala.meta.internal.pc.IndexedContext$.accesibleMembers$1(IndexedContext.scala:133)
	at scala.meta.internal.pc.IndexedContext$.scala$meta$internal$pc$IndexedContext$$$extractNames(IndexedContext.scala:188)
	at scala.meta.internal.pc.IndexedContext$LazyWrapper.<init>(IndexedContext.scala:83)
	at scala.meta.internal.pc.IndexedContext$.apply(IndexedContext.scala:71)
	at scala.meta.internal.pc.IndexedContext$LazyWrapper.<init>(IndexedContext.scala:82)
	at scala.meta.internal.pc.IndexedContext$.apply(IndexedContext.scala:71)
	at scala.meta.internal.pc.ScalaPresentationCompiler.complete$$anonfun$1(ScalaPresentationCompiler.scala:157)
	at scala.meta.internal.pc.CompilerAccess.withSharedCompiler(CompilerAccess.scala:137)
	at scala.meta.internal.pc.CompilerAccess.$anonfun$1(CompilerAccess.scala:87)
	at scala.meta.internal.pc.CompilerAccess.onCompilerJobQueue$$anonfun$1(CompilerAccess.scala:197)
	at scala.meta.internal.pc.CompilerJobQueue$Job.run(CompilerJobQueue.scala:139)
	at java.base/java.util.concurrent.ThreadPoolExecutor.runWorker(ThreadPoolExecutor.java:1128)
	at java.base/java.util.concurrent.ThreadPoolExecutor$Worker.run(ThreadPoolExecutor.java:628)
	at java.base/java.lang.Thread.run(Thread.java:829)
Exception in thread "pool-3-thread-4" dotty.tools.dotc.core.TypeError: Toplevel definition <init> is defined in
  /home/nico/scala-airport-project/build.sbt
and also in
  /home/nico/scala-airport-project/src/main/scala/Main.scala
One of these files should be removed from the classpath.
	at dotty.tools.dotc.core.SymDenotations$PackageClassDenotation.dropStale$1(SymDenotations.scala:2439)
	at dotty.tools.dotc.core.SymDenotations$PackageClassDenotation.recur$1(SymDenotations.scala:2403)
	at dotty.tools.dotc.core.SymDenotations$PackageClassDenotation.computeMembersNamed(SymDenotations.scala:2459)
	at dotty.tools.dotc.core.SymDenotations$ClassDenotation.membersNamed(SymDenotations.scala:2012)
	at dotty.tools.dotc.core.SymDenotations$ClassDenotation.findMember(SymDenotations.scala:2063)
	at dotty.tools.dotc.core.Types$Type.go$1(Types.scala:683)
	at dotty.tools.dotc.core.Types$Type.goThis$1(Types.scala:807)
	at dotty.tools.dotc.core.Types$Type.go$1(Types.scala:700)
	at dotty.tools.dotc.core.Types$Type.findMember(Types.scala:870)
	at dotty.tools.dotc.core.Types$Type.memberBasedOnFlags(Types.scala:666)
	at dotty.tools.dotc.core.Types$Type.member(Types.scala:650)
	at dotty.tools.dotc.core.Types$Type.allMembers$$anonfun$1(Types.scala:1011)
	at scala.runtime.function.JProcedure2.apply(JProcedure2.java:15)
	at scala.runtime.function.JProcedure2.apply(JProcedure2.java:10)
	at dotty.tools.dotc.core.Types$Type.memberDenots$$anonfun$1(Types.scala:916)
	at scala.runtime.function.JProcedure1.apply(JProcedure1.java:15)
	at scala.runtime.function.JProcedure1.apply(JProcedure1.java:10)
	at scala.collection.immutable.BitmapIndexedSetNode.foreach(HashSet.scala:937)
	at scala.collection.immutable.HashSet.foreach(HashSet.scala:944)
	at dotty.tools.dotc.core.Types$Type.memberDenots(Types.scala:916)
	at dotty.tools.dotc.core.Types$Type.allMembers(Types.scala:1011)
	at scala.meta.internal.pc.IndexedContext$.accesibleMembers$1(IndexedContext.scala:133)
	at scala.meta.internal.pc.IndexedContext$.scala$meta$internal$pc$IndexedContext$$$extractNames(IndexedContext.scala:188)
	at scala.meta.internal.pc.IndexedContext$LazyWrapper.<init>(IndexedContext.scala:83)
	at scala.meta.internal.pc.IndexedContext$.apply(IndexedContext.scala:71)
	at scala.meta.internal.pc.IndexedContext$LazyWrapper.<init>(IndexedContext.scala:82)
	at scala.meta.internal.pc.IndexedContext$.apply(IndexedContext.scala:71)
	at scala.meta.internal.pc.ScalaPresentationCompiler.complete$$anonfun$1(ScalaPresentationCompiler.scala:157)
	at scala.meta.internal.pc.CompilerAccess.withSharedCompiler(CompilerAccess.scala:137)
	at scala.meta.internal.pc.CompilerAccess.$anonfun$1(CompilerAccess.scala:87)
	at scala.meta.internal.pc.CompilerAccess.onCompilerJobQueue$$anonfun$1(CompilerAccess.scala:197)
	at scala.meta.internal.pc.CompilerJobQueue$Job.run(CompilerJobQueue.scala:139)
	at java.base/java.util.concurrent.ThreadPoolExecutor.runWorker(ThreadPoolExecutor.java:1128)
	at java.base/java.util.concurrent.ThreadPoolExecutor$Worker.run(ThreadPoolExecutor.java:628)
	at java.base/java.lang.Thread.run(Thread.java:829)
2022.01.31 02:05:02 WARN  no build target for: /home/nico/scala-airport-project/src/main/scala/Main.scala
2022.01.31 02:05:28 WARN  no build target for: /home/nico/scala-airport-project/src/main/scala/fileReader/model/Airport.scala
Exception in thread "pool-3-thread-5" dotty.tools.dotc.core.TypeError: Toplevel definition <init> is defined in
  /home/nico/scala-airport-project/build.sbt
and also in
  /home/nico/scala-airport-project/src/main/scala/Main.scala
One of these files should be removed from the classpath.
	at dotty.tools.dotc.core.SymDenotations$PackageClassDenotation.dropStale$1(SymDenotations.scala:2439)
	at dotty.tools.dotc.core.SymDenotations$PackageClassDenotation.recur$1(SymDenotations.scala:2403)
	at dotty.tools.dotc.core.SymDenotations$PackageClassDenotation.computeMembersNamed(SymDenotations.scala:2459)
	at dotty.tools.dotc.core.SymDenotations$ClassDenotation.membersNamed(SymDenotations.scala:2012)
	at dotty.tools.dotc.core.SymDenotations$ClassDenotation.findMember(SymDenotations.scala:2063)
	at dotty.tools.dotc.core.Types$Type.go$1(Types.scala:683)
	at dotty.tools.dotc.core.Types$Type.goThis$1(Types.scala:807)
	at dotty.tools.dotc.core.Types$Type.go$1(Types.scala:700)
	at dotty.tools.dotc.core.Types$Type.findMember(Types.scala:870)
	at dotty.tools.dotc.core.Types$Type.memberBasedOnFlags(Types.scala:666)
	at dotty.tools.dotc.core.Types$Type.member(Types.scala:650)
	at dotty.tools.dotc.core.Types$Type.allMembers$$anonfun$1(Types.scala:1011)
	at scala.runtime.function.JProcedure2.apply(JProcedure2.java:15)
	at scala.runtime.function.JProcedure2.apply(JProcedure2.java:10)
	at dotty.tools.dotc.core.Types$Type.memberDenots$$anonfun$1(Types.scala:916)
	at scala.runtime.function.JProcedure1.apply(JProcedure1.java:15)
	at scala.runtime.function.JProcedure1.apply(JProcedure1.java:10)
	at scala.collection.immutable.BitmapIndexedSetNode.foreach(HashSet.scala:937)
	at scala.collection.immutable.HashSet.foreach(HashSet.scala:944)
	at dotty.tools.dotc.core.Types$Type.memberDenots(Types.scala:916)
	at dotty.tools.dotc.core.Types$Type.allMembers(Types.scala:1011)
	at scala.meta.internal.pc.IndexedContext$.accesibleMembers$1(IndexedContext.scala:133)
	at scala.meta.internal.pc.IndexedContext$.scala$meta$internal$pc$IndexedContext$$$extractNames(IndexedContext.scala:188)
	at scala.meta.internal.pc.IndexedContext$LazyWrapper.<init>(IndexedContext.scala:83)
	at scala.meta.internal.pc.IndexedContext$.apply(IndexedContext.scala:71)
	at scala.meta.internal.pc.IndexedContext$LazyWrapper.<init>(IndexedContext.scala:82)
	at scala.meta.internal.pc.IndexedContext$.apply(IndexedContext.scala:71)
	at scala.meta.internal.pc.IndexedContext$LazyWrapper.<init>(IndexedContext.scala:82)
	at scala.meta.internal.pc.IndexedContext$.apply(IndexedContext.scala:71)
	at scala.meta.internal.pc.ScalaPresentationCompiler.complete$$anonfun$1(ScalaPresentationCompiler.scala:157)
	at scala.meta.internal.pc.CompilerAccess.withSharedCompiler(CompilerAccess.scala:137)
	at scala.meta.internal.pc.CompilerAccess.$anonfun$1(CompilerAccess.scala:87)
	at scala.meta.internal.pc.CompilerAccess.onCompilerJobQueue$$anonfun$1(CompilerAccess.scala:197)
	at scala.meta.internal.pc.CompilerJobQueue$Job.run(CompilerJobQueue.scala:139)
	at java.base/java.util.concurrent.ThreadPoolExecutor.runWorker(ThreadPoolExecutor.java:1128)
	at java.base/java.util.concurrent.ThreadPoolExecutor$Worker.run(ThreadPoolExecutor.java:628)
	at java.base/java.lang.Thread.run(Thread.java:829)
Exception in thread "pool-3-thread-6" dotty.tools.dotc.core.TypeError: Toplevel definition <init> is defined in
  /home/nico/scala-airport-project/build.sbt
and also in
  /home/nico/scala-airport-project/src/main/scala/Main.scala
One of these files should be removed from the classpath.
	at dotty.tools.dotc.core.SymDenotations$PackageClassDenotation.dropStale$1(SymDenotations.scala:2439)
	at dotty.tools.dotc.core.SymDenotations$PackageClassDenotation.recur$1(SymDenotations.scala:2403)
	at dotty.tools.dotc.core.SymDenotations$PackageClassDenotation.computeMembersNamed(SymDenotations.scala:2459)
	at dotty.tools.dotc.core.SymDenotations$ClassDenotation.membersNamed(SymDenotations.scala:2012)
	at dotty.tools.dotc.core.SymDenotations$ClassDenotation.findMember(SymDenotations.scala:2063)
	at dotty.tools.dotc.core.Types$Type.go$1(Types.scala:683)
	at dotty.tools.dotc.core.Types$Type.goThis$1(Types.scala:807)
	at dotty.tools.dotc.core.Types$Type.go$1(Types.scala:700)
	at dotty.tools.dotc.core.Types$Type.findMember(Types.scala:870)
	at dotty.tools.dotc.core.Types$Type.memberBasedOnFlags(Types.scala:666)
	at dotty.tools.dotc.core.Types$Type.member(Types.scala:650)
	at dotty.tools.dotc.core.Types$Type.allMembers$$anonfun$1(Types.scala:1011)
	at scala.runtime.function.JProcedure2.apply(JProcedure2.java:15)
	at scala.runtime.function.JProcedure2.apply(JProcedure2.java:10)
	at dotty.tools.dotc.core.Types$Type.memberDenots$$anonfun$1(Types.scala:916)
	at scala.runtime.function.JProcedure1.apply(JProcedure1.java:15)
	at scala.runtime.function.JProcedure1.apply(JProcedure1.java:10)
	at scala.collection.immutable.BitmapIndexedSetNode.foreach(HashSet.scala:937)
	at scala.collection.immutable.HashSet.foreach(HashSet.scala:944)
	at dotty.tools.dotc.core.Types$Type.memberDenots(Types.scala:916)
	at dotty.tools.dotc.core.Types$Type.allMembers(Types.scala:1011)
	at scala.meta.internal.pc.IndexedContext$.accesibleMembers$1(IndexedContext.scala:133)
	at scala.meta.internal.pc.IndexedContext$.scala$meta$internal$pc$IndexedContext$$$extractNames(IndexedContext.scala:188)
	at scala.meta.internal.pc.IndexedContext$LazyWrapper.<init>(IndexedContext.scala:83)
	at scala.meta.internal.pc.IndexedContext$.apply(IndexedContext.scala:71)
	at scala.meta.internal.pc.IndexedContext$LazyWrapper.<init>(IndexedContext.scala:82)
	at scala.meta.internal.pc.IndexedContext$.apply(IndexedContext.scala:71)
	at scala.meta.internal.pc.IndexedContext$LazyWrapper.<init>(IndexedContext.scala:82)
	at scala.meta.internal.pc.IndexedContext$.apply(IndexedContext.scala:71)
	at scala.meta.internal.pc.ScalaPresentationCompiler.complete$$anonfun$1(ScalaPresentationCompiler.scala:157)
	at scala.meta.internal.pc.CompilerAccess.withSharedCompiler(CompilerAccess.scala:137)
	at scala.meta.internal.pc.CompilerAccess.$anonfun$1(CompilerAccess.scala:87)
	at scala.meta.internal.pc.CompilerAccess.onCompilerJobQueue$$anonfun$1(CompilerAccess.scala:197)
	at scala.meta.internal.pc.CompilerJobQueue$Job.run(CompilerJobQueue.scala:139)
	at java.base/java.util.concurrent.ThreadPoolExecutor.runWorker(ThreadPoolExecutor.java:1128)
	at java.base/java.util.concurrent.ThreadPoolExecutor$Worker.run(ThreadPoolExecutor.java:628)
	at java.base/java.lang.Thread.run(Thread.java:829)
Exception in thread "pool-3-thread-7" dotty.tools.dotc.core.TypeError: Toplevel definition <init> is defined in
  /home/nico/scala-airport-project/build.sbt
and also in
  /home/nico/scala-airport-project/src/main/scala/Main.scala
One of these files should be removed from the classpath.
	at dotty.tools.dotc.core.SymDenotations$PackageClassDenotation.dropStale$1(SymDenotations.scala:2439)
	at dotty.tools.dotc.core.SymDenotations$PackageClassDenotation.recur$1(SymDenotations.scala:2403)
	at dotty.tools.dotc.core.SymDenotations$PackageClassDenotation.computeMembersNamed(SymDenotations.scala:2459)
	at dotty.tools.dotc.core.SymDenotations$ClassDenotation.membersNamed(SymDenotations.scala:2012)
	at dotty.tools.dotc.core.SymDenotations$ClassDenotation.findMember(SymDenotations.scala:2063)
	at dotty.tools.dotc.core.Types$Type.go$1(Types.scala:683)
	at dotty.tools.dotc.core.Types$Type.goThis$1(Types.scala:807)
	at dotty.tools.dotc.core.Types$Type.go$1(Types.scala:700)
	at dotty.tools.dotc.core.Types$Type.findMember(Types.scala:870)
	at dotty.tools.dotc.core.Types$Type.memberBasedOnFlags(Types.scala:666)
	at dotty.tools.dotc.core.Types$Type.member(Types.scala:650)
	at dotty.tools.dotc.core.Types$Type.allMembers$$anonfun$1(Types.scala:1011)
	at scala.runtime.function.JProcedure2.apply(JProcedure2.java:15)
	at scala.runtime.function.JProcedure2.apply(JProcedure2.java:10)
	at dotty.tools.dotc.core.Types$Type.memberDenots$$anonfun$1(Types.scala:916)
	at scala.runtime.function.JProcedure1.apply(JProcedure1.java:15)
	at scala.runtime.function.JProcedure1.apply(JProcedure1.java:10)
	at scala.collection.immutable.BitmapIndexedSetNode.foreach(HashSet.scala:937)
	at scala.collection.immutable.HashSet.foreach(HashSet.scala:944)
	at dotty.tools.dotc.core.Types$Type.memberDenots(Types.scala:916)
	at dotty.tools.dotc.core.Types$Type.allMembers(Types.scala:1011)
	at scala.meta.internal.pc.IndexedContext$.accesibleMembers$1(IndexedContext.scala:133)
	at scala.meta.internal.pc.IndexedContext$.scala$meta$internal$pc$IndexedContext$$$extractNames(IndexedContext.scala:188)
	at scala.meta.internal.pc.IndexedContext$LazyWrapper.<init>(IndexedContext.scala:83)
	at scala.meta.internal.pc.IndexedContext$.apply(IndexedContext.scala:71)
	at scala.meta.internal.pc.IndexedContext$LazyWrapper.<init>(IndexedContext.scala:82)
	at scala.meta.internal.pc.IndexedContext$.apply(IndexedContext.scala:71)
	at scala.meta.internal.pc.IndexedContext$LazyWrapper.<init>(IndexedContext.scala:82)
	at scala.meta.internal.pc.IndexedContext$.apply(IndexedContext.scala:71)
	at scala.meta.internal.pc.ScalaPresentationCompiler.complete$$anonfun$1(ScalaPresentationCompiler.scala:157)
	at scala.meta.internal.pc.CompilerAccess.withSharedCompiler(CompilerAccess.scala:137)
	at scala.meta.internal.pc.CompilerAccess.$anonfun$1(CompilerAccess.scala:87)
	at scala.meta.internal.pc.CompilerAccess.onCompilerJobQueue$$anonfun$1(CompilerAccess.scala:197)
	at scala.meta.internal.pc.CompilerJobQueue$Job.run(CompilerJobQueue.scala:139)
	at java.base/java.util.concurrent.ThreadPoolExecutor.runWorker(ThreadPoolExecutor.java:1128)
	at java.base/java.util.concurrent.ThreadPoolExecutor$Worker.run(ThreadPoolExecutor.java:628)
	at java.base/java.lang.Thread.run(Thread.java:829)
Exception in thread "pool-3-thread-8" dotty.tools.dotc.core.TypeError: Toplevel definition <init> is defined in
  /home/nico/scala-airport-project/build.sbt
and also in
  /home/nico/scala-airport-project/src/main/scala/Main.scala
One of these files should be removed from the classpath.
	at dotty.tools.dotc.core.SymDenotations$PackageClassDenotation.dropStale$1(SymDenotations.scala:2439)
	at dotty.tools.dotc.core.SymDenotations$PackageClassDenotation.recur$1(SymDenotations.scala:2403)
	at dotty.tools.dotc.core.SymDenotations$PackageClassDenotation.computeMembersNamed(SymDenotations.scala:2459)
	at dotty.tools.dotc.core.SymDenotations$ClassDenotation.membersNamed(SymDenotations.scala:2012)
	at dotty.tools.dotc.core.SymDenotations$ClassDenotation.findMember(SymDenotations.scala:2063)
	at dotty.tools.dotc.core.Types$Type.go$1(Types.scala:683)
	at dotty.tools.dotc.core.Types$Type.goThis$1(Types.scala:807)
	at dotty.tools.dotc.core.Types$Type.go$1(Types.scala:700)
	at dotty.tools.dotc.core.Types$Type.findMember(Types.scala:870)
	at dotty.tools.dotc.core.Types$Type.memberBasedOnFlags(Types.scala:666)
	at dotty.tools.dotc.core.Types$Type.member(Types.scala:650)
	at dotty.tools.dotc.core.Types$Type.allMembers$$anonfun$1(Types.scala:1011)
	at scala.runtime.function.JProcedure2.apply(JProcedure2.java:15)
	at scala.runtime.function.JProcedure2.apply(JProcedure2.java:10)
	at dotty.tools.dotc.core.Types$Type.memberDenots$$anonfun$1(Types.scala:916)
	at scala.runtime.function.JProcedure1.apply(JProcedure1.java:15)
	at scala.runtime.function.JProcedure1.apply(JProcedure1.java:10)
	at scala.collection.immutable.BitmapIndexedSetNode.foreach(HashSet.scala:937)
	at scala.collection.immutable.HashSet.foreach(HashSet.scala:944)
	at dotty.tools.dotc.core.Types$Type.memberDenots(Types.scala:916)
	at dotty.tools.dotc.core.Types$Type.allMembers(Types.scala:1011)
	at scala.meta.internal.pc.IndexedContext$.accesibleMembers$1(IndexedContext.scala:133)
	at scala.meta.internal.pc.IndexedContext$.scala$meta$internal$pc$IndexedContext$$$extractNames(IndexedContext.scala:188)
	at scala.meta.internal.pc.IndexedContext$LazyWrapper.<init>(IndexedContext.scala:83)
	at scala.meta.internal.pc.IndexedContext$.apply(IndexedContext.scala:71)
	at scala.meta.internal.pc.IndexedContext$LazyWrapper.<init>(IndexedContext.scala:82)
	at scala.meta.internal.pc.IndexedContext$.apply(IndexedContext.scala:71)
	at scala.meta.internal.pc.IndexedContext$LazyWrapper.<init>(IndexedContext.scala:82)
	at scala.meta.internal.pc.IndexedContext$.apply(IndexedContext.scala:71)
	at scala.meta.internal.pc.ScalaPresentationCompiler.complete$$anonfun$1(ScalaPresentationCompiler.scala:157)
	at scala.meta.internal.pc.CompilerAccess.withSharedCompiler(CompilerAccess.scala:137)
	at scala.meta.internal.pc.CompilerAccess.$anonfun$1(CompilerAccess.scala:87)
	at scala.meta.internal.pc.CompilerAccess.onCompilerJobQueue$$anonfun$1(CompilerAccess.scala:197)
	at scala.meta.internal.pc.CompilerJobQueue$Job.run(CompilerJobQueue.scala:139)
	at java.base/java.util.concurrent.ThreadPoolExecutor.runWorker(ThreadPoolExecutor.java:1128)
	at java.base/java.util.concurrent.ThreadPoolExecutor$Worker.run(ThreadPoolExecutor.java:628)
	at java.base/java.lang.Thread.run(Thread.java:829)
Exception in thread "pool-3-thread-9" dotty.tools.dotc.core.TypeError: Toplevel definition <init> is defined in
  /home/nico/scala-airport-project/build.sbt
and also in
  /home/nico/scala-airport-project/src/main/scala/Main.scala
One of these files should be removed from the classpath.
	at dotty.tools.dotc.core.SymDenotations$PackageClassDenotation.dropStale$1(SymDenotations.scala:2439)
	at dotty.tools.dotc.core.SymDenotations$PackageClassDenotation.recur$1(SymDenotations.scala:2403)
	at dotty.tools.dotc.core.SymDenotations$PackageClassDenotation.computeMembersNamed(SymDenotations.scala:2459)
	at dotty.tools.dotc.core.SymDenotations$ClassDenotation.membersNamed(SymDenotations.scala:2012)
	at dotty.tools.dotc.core.SymDenotations$ClassDenotation.findMember(SymDenotations.scala:2063)
	at dotty.tools.dotc.core.Types$Type.go$1(Types.scala:683)
	at dotty.tools.dotc.core.Types$Type.goThis$1(Types.scala:807)
	at dotty.tools.dotc.core.Types$Type.go$1(Types.scala:700)
	at dotty.tools.dotc.core.Types$Type.findMember(Types.scala:870)
	at dotty.tools.dotc.core.Types$Type.memberBasedOnFlags(Types.scala:666)
	at dotty.tools.dotc.core.Types$Type.member(Types.scala:650)
	at dotty.tools.dotc.core.Types$Type.allMembers$$anonfun$1(Types.scala:1011)
	at scala.runtime.function.JProcedure2.apply(JProcedure2.java:15)
	at scala.runtime.function.JProcedure2.apply(JProcedure2.java:10)
	at dotty.tools.dotc.core.Types$Type.memberDenots$$anonfun$1(Types.scala:916)
	at scala.runtime.function.JProcedure1.apply(JProcedure1.java:15)
	at scala.runtime.function.JProcedure1.apply(JProcedure1.java:10)
	at scala.collection.immutable.BitmapIndexedSetNode.foreach(HashSet.scala:937)
	at scala.collection.immutable.HashSet.foreach(HashSet.scala:944)
	at dotty.tools.dotc.core.Types$Type.memberDenots(Types.scala:916)
	at dotty.tools.dotc.core.Types$Type.allMembers(Types.scala:1011)
	at scala.meta.internal.pc.IndexedContext$.accesibleMembers$1(IndexedContext.scala:133)
	at scala.meta.internal.pc.IndexedContext$.scala$meta$internal$pc$IndexedContext$$$extractNames(IndexedContext.scala:188)
	at scala.meta.internal.pc.IndexedContext$LazyWrapper.<init>(IndexedContext.scala:83)
	at scala.meta.internal.pc.IndexedContext$.apply(IndexedContext.scala:71)
	at scala.meta.internal.pc.IndexedContext$LazyWrapper.<init>(IndexedContext.scala:82)
	at scala.meta.internal.pc.IndexedContext$.apply(IndexedContext.scala:71)
	at scala.meta.internal.pc.IndexedContext$LazyWrapper.<init>(IndexedContext.scala:82)
	at scala.meta.internal.pc.IndexedContext$.apply(IndexedContext.scala:71)
	at scala.meta.internal.pc.ScalaPresentationCompiler.complete$$anonfun$1(ScalaPresentationCompiler.scala:157)
	at scala.meta.internal.pc.CompilerAccess.withSharedCompiler(CompilerAccess.scala:137)
	at scala.meta.internal.pc.CompilerAccess.$anonfun$1(CompilerAccess.scala:87)
	at scala.meta.internal.pc.CompilerAccess.onCompilerJobQueue$$anonfun$1(CompilerAccess.scala:197)
	at scala.meta.internal.pc.CompilerJobQueue$Job.run(CompilerJobQueue.scala:139)
	at java.base/java.util.concurrent.ThreadPoolExecutor.runWorker(ThreadPoolExecutor.java:1128)
	at java.base/java.util.concurrent.ThreadPoolExecutor$Worker.run(ThreadPoolExecutor.java:628)
	at java.base/java.lang.Thread.run(Thread.java:829)
Exception in thread "pool-3-thread-10" dotty.tools.dotc.core.TypeError: Toplevel definition <init> is defined in
  /home/nico/scala-airport-project/build.sbt
and also in
  /home/nico/scala-airport-project/src/main/scala/Main.scala
One of these files should be removed from the classpath.
	at dotty.tools.dotc.core.SymDenotations$PackageClassDenotation.dropStale$1(SymDenotations.scala:2439)
	at dotty.tools.dotc.core.SymDenotations$PackageClassDenotation.recur$1(SymDenotations.scala:2403)
	at dotty.tools.dotc.core.SymDenotations$PackageClassDenotation.computeMembersNamed(SymDenotations.scala:2459)
	at dotty.tools.dotc.core.SymDenotations$ClassDenotation.membersNamed(SymDenotations.scala:2012)
	at dotty.tools.dotc.core.SymDenotations$ClassDenotation.findMember(SymDenotations.scala:2063)
	at dotty.tools.dotc.core.Types$Type.go$1(Types.scala:683)
	at dotty.tools.dotc.core.Types$Type.goThis$1(Types.scala:807)
	at dotty.tools.dotc.core.Types$Type.go$1(Types.scala:700)
	at dotty.tools.dotc.core.Types$Type.findMember(Types.scala:870)
	at dotty.tools.dotc.core.Types$Type.memberBasedOnFlags(Types.scala:666)
	at dotty.tools.dotc.core.Types$Type.member(Types.scala:650)
	at dotty.tools.dotc.core.Types$Type.allMembers$$anonfun$1(Types.scala:1011)
	at scala.runtime.function.JProcedure2.apply(JProcedure2.java:15)
	at scala.runtime.function.JProcedure2.apply(JProcedure2.java:10)
	at dotty.tools.dotc.core.Types$Type.memberDenots$$anonfun$1(Types.scala:916)
	at scala.runtime.function.JProcedure1.apply(JProcedure1.java:15)
	at scala.runtime.function.JProcedure1.apply(JProcedure1.java:10)
	at scala.collection.immutable.BitmapIndexedSetNode.foreach(HashSet.scala:937)
	at scala.collection.immutable.HashSet.foreach(HashSet.scala:944)
	at dotty.tools.dotc.core.Types$Type.memberDenots(Types.scala:916)
	at dotty.tools.dotc.core.Types$Type.allMembers(Types.scala:1011)
	at scala.meta.internal.pc.IndexedContext$.accesibleMembers$1(IndexedContext.scala:133)
	at scala.meta.internal.pc.IndexedContext$.scala$meta$internal$pc$IndexedContext$$$extractNames(IndexedContext.scala:188)
	at scala.meta.internal.pc.IndexedContext$LazyWrapper.<init>(IndexedContext.scala:83)
	at scala.meta.internal.pc.IndexedContext$.apply(IndexedContext.scala:71)
	at scala.meta.internal.pc.IndexedContext$LazyWrapper.<init>(IndexedContext.scala:82)
	at scala.meta.internal.pc.IndexedContext$.apply(IndexedContext.scala:71)
	at scala.meta.internal.pc.IndexedContext$LazyWrapper.<init>(IndexedContext.scala:82)
	at scala.meta.internal.pc.IndexedContext$.apply(IndexedContext.scala:71)
	at scala.meta.internal.pc.IndexedContext$LazyWrapper.<init>(IndexedContext.scala:82)
	at scala.meta.internal.pc.IndexedContext$.apply(IndexedContext.scala:71)
	at scala.meta.internal.pc.IndexedContext$LazyWrapper.<init>(IndexedContext.scala:82)
	at scala.meta.internal.pc.IndexedContext$.apply(IndexedContext.scala:71)
	at scala.meta.internal.pc.IndexedContext$LazyWrapper.<init>(IndexedContext.scala:82)
	at scala.meta.internal.pc.IndexedContext$.apply(IndexedContext.scala:71)
	at scala.meta.internal.pc.ScalaPresentationCompiler.complete$$anonfun$1(ScalaPresentationCompiler.scala:157)
	at scala.meta.internal.pc.CompilerAccess.withSharedCompiler(CompilerAccess.scala:137)
	at scala.meta.internal.pc.CompilerAccess.$anonfun$1(CompilerAccess.scala:87)
	at scala.meta.internal.pc.CompilerAccess.onCompilerJobQueue$$anonfun$1(CompilerAccess.scala:197)
	at scala.meta.internal.pc.CompilerJobQueue$Job.run(CompilerJobQueue.scala:139)
	at java.base/java.util.concurrent.ThreadPoolExecutor.runWorker(ThreadPoolExecutor.java:1128)
	at java.base/java.util.concurrent.ThreadPoolExecutor$Worker.run(ThreadPoolExecutor.java:628)
	at java.base/java.lang.Thread.run(Thread.java:829)
Exception in thread "pool-3-thread-11" dotty.tools.dotc.core.TypeError: Toplevel definition <init> is defined in
  /home/nico/scala-airport-project/build.sbt
and also in
  /home/nico/scala-airport-project/src/main/scala/Main.scala
One of these files should be removed from the classpath.
	at dotty.tools.dotc.core.SymDenotations$PackageClassDenotation.dropStale$1(SymDenotations.scala:2439)
	at dotty.tools.dotc.core.SymDenotations$PackageClassDenotation.recur$1(SymDenotations.scala:2403)
	at dotty.tools.dotc.core.SymDenotations$PackageClassDenotation.computeMembersNamed(SymDenotations.scala:2459)
	at dotty.tools.dotc.core.SymDenotations$ClassDenotation.membersNamed(SymDenotations.scala:2012)
	at dotty.tools.dotc.core.SymDenotations$ClassDenotation.findMember(SymDenotations.scala:2063)
	at dotty.tools.dotc.core.Types$Type.go$1(Types.scala:683)
	at dotty.tools.dotc.core.Types$Type.goThis$1(Types.scala:807)
	at dotty.tools.dotc.core.Types$Type.go$1(Types.scala:700)
	at dotty.tools.dotc.core.Types$Type.findMember(Types.scala:870)
	at dotty.tools.dotc.core.Types$Type.memberBasedOnFlags(Types.scala:666)
	at dotty.tools.dotc.core.Types$Type.member(Types.scala:650)
	at dotty.tools.dotc.core.Types$Type.allMembers$$anonfun$1(Types.scala:1011)
	at scala.runtime.function.JProcedure2.apply(JProcedure2.java:15)
	at scala.runtime.function.JProcedure2.apply(JProcedure2.java:10)
	at dotty.tools.dotc.core.Types$Type.memberDenots$$anonfun$1(Types.scala:916)
	at scala.runtime.function.JProcedure1.apply(JProcedure1.java:15)
	at scala.runtime.function.JProcedure1.apply(JProcedure1.java:10)
	at scala.collection.immutable.BitmapIndexedSetNode.foreach(HashSet.scala:937)
	at scala.collection.immutable.HashSet.foreach(HashSet.scala:944)
	at dotty.tools.dotc.core.Types$Type.memberDenots(Types.scala:916)
	at dotty.tools.dotc.core.Types$Type.allMembers(Types.scala:1011)
	at scala.meta.internal.pc.IndexedContext$.accesibleMembers$1(IndexedContext.scala:133)
	at scala.meta.internal.pc.IndexedContext$.scala$meta$internal$pc$IndexedContext$$$extractNames(IndexedContext.scala:188)
	at scala.meta.internal.pc.IndexedContext$LazyWrapper.<init>(IndexedContext.scala:83)
	at scala.meta.internal.pc.IndexedContext$.apply(IndexedContext.scala:71)
	at scala.meta.internal.pc.IndexedContext$LazyWrapper.<init>(IndexedContext.scala:82)
	at scala.meta.internal.pc.IndexedContext$.apply(IndexedContext.scala:71)
	at scala.meta.internal.pc.IndexedContext$LazyWrapper.<init>(IndexedContext.scala:82)
	at scala.meta.internal.pc.IndexedContext$.apply(IndexedContext.scala:71)
	at scala.meta.internal.pc.IndexedContext$LazyWrapper.<init>(IndexedContext.scala:82)
	at scala.meta.internal.pc.IndexedContext$.apply(IndexedContext.scala:71)
	at scala.meta.internal.pc.IndexedContext$LazyWrapper.<init>(IndexedContext.scala:82)
	at scala.meta.internal.pc.IndexedContext$.apply(IndexedContext.scala:71)
	at scala.meta.internal.pc.IndexedContext$LazyWrapper.<init>(IndexedContext.scala:82)
	at scala.meta.internal.pc.IndexedContext$.apply(IndexedContext.scala:71)
	at scala.meta.internal.pc.IndexedContext$LazyWrapper.<init>(IndexedContext.scala:82)
	at scala.meta.internal.pc.IndexedContext$.apply(IndexedContext.scala:71)
	at scala.meta.internal.pc.ScalaPresentationCompiler.complete$$anonfun$1(ScalaPresentationCompiler.scala:157)
	at scala.meta.internal.pc.CompilerAccess.withSharedCompiler(CompilerAccess.scala:137)
	at scala.meta.internal.pc.CompilerAccess.$anonfun$1(CompilerAccess.scala:87)
	at scala.meta.internal.pc.CompilerAccess.onCompilerJobQueue$$anonfun$1(CompilerAccess.scala:197)
	at scala.meta.internal.pc.CompilerJobQueue$Job.run(CompilerJobQueue.scala:139)
	at java.base/java.util.concurrent.ThreadPoolExecutor.runWorker(ThreadPoolExecutor.java:1128)
	at java.base/java.util.concurrent.ThreadPoolExecutor$Worker.run(ThreadPoolExecutor.java:628)
	at java.base/java.lang.Thread.run(Thread.java:829)
Exception in thread "pool-3-thread-12" dotty.tools.dotc.core.TypeError: Toplevel definition <init> is defined in
  /home/nico/scala-airport-project/build.sbt
and also in
  /home/nico/scala-airport-project/src/main/scala/Main.scala
One of these files should be removed from the classpath.
	at dotty.tools.dotc.core.SymDenotations$PackageClassDenotation.dropStale$1(SymDenotations.scala:2439)
	at dotty.tools.dotc.core.SymDenotations$PackageClassDenotation.recur$1(SymDenotations.scala:2403)
	at dotty.tools.dotc.core.SymDenotations$PackageClassDenotation.computeMembersNamed(SymDenotations.scala:2459)
	at dotty.tools.dotc.core.SymDenotations$ClassDenotation.membersNamed(SymDenotations.scala:2012)
	at dotty.tools.dotc.core.SymDenotations$ClassDenotation.findMember(SymDenotations.scala:2063)
	at dotty.tools.dotc.core.Types$Type.go$1(Types.scala:683)
	at dotty.tools.dotc.core.Types$Type.goThis$1(Types.scala:807)
	at dotty.tools.dotc.core.Types$Type.go$1(Types.scala:700)
	at dotty.tools.dotc.core.Types$Type.findMember(Types.scala:870)
	at dotty.tools.dotc.core.Types$Type.memberBasedOnFlags(Types.scala:666)
	at dotty.tools.dotc.core.Types$Type.member(Types.scala:650)
	at dotty.tools.dotc.core.Types$Type.allMembers$$anonfun$1(Types.scala:1011)
	at scala.runtime.function.JProcedure2.apply(JProcedure2.java:15)
	at scala.runtime.function.JProcedure2.apply(JProcedure2.java:10)
	at dotty.tools.dotc.core.Types$Type.memberDenots$$anonfun$1(Types.scala:916)
	at scala.runtime.function.JProcedure1.apply(JProcedure1.java:15)
	at scala.runtime.function.JProcedure1.apply(JProcedure1.java:10)
	at scala.collection.immutable.BitmapIndexedSetNode.foreach(HashSet.scala:937)
	at scala.collection.immutable.HashSet.foreach(HashSet.scala:944)
	at dotty.tools.dotc.core.Types$Type.memberDenots(Types.scala:916)
	at dotty.tools.dotc.core.Types$Type.allMembers(Types.scala:1011)
	at scala.meta.internal.pc.IndexedContext$.accesibleMembers$1(IndexedContext.scala:133)
	at scala.meta.internal.pc.IndexedContext$.scala$meta$internal$pc$IndexedContext$$$extractNames(IndexedContext.scala:188)
	at scala.meta.internal.pc.IndexedContext$LazyWrapper.<init>(IndexedContext.scala:83)
	at scala.meta.internal.pc.IndexedContext$.apply(IndexedContext.scala:71)
	at scala.meta.internal.pc.IndexedContext$LazyWrapper.<init>(IndexedContext.scala:82)
	at scala.meta.internal.pc.IndexedContext$.apply(IndexedContext.scala:71)
	at scala.meta.internal.pc.IndexedContext$LazyWrapper.<init>(IndexedContext.scala:82)
	at scala.meta.internal.pc.IndexedContext$.apply(IndexedContext.scala:71)
	at scala.meta.internal.pc.IndexedContext$LazyWrapper.<init>(IndexedContext.scala:82)
	at scala.meta.internal.pc.IndexedContext$.apply(IndexedContext.scala:71)
	at scala.meta.internal.pc.IndexedContext$LazyWrapper.<init>(IndexedContext.scala:82)
	at scala.meta.internal.pc.IndexedContext$.apply(IndexedContext.scala:71)
	at scala.meta.internal.pc.IndexedContext$LazyWrapper.<init>(IndexedContext.scala:82)
	at scala.meta.internal.pc.IndexedContext$.apply(IndexedContext.scala:71)
	at scala.meta.internal.pc.IndexedContext$LazyWrapper.<init>(IndexedContext.scala:82)
	at scala.meta.internal.pc.IndexedContext$.apply(IndexedContext.scala:71)
	at scala.meta.internal.pc.IndexedContext$LazyWrapper.<init>(IndexedContext.scala:82)
	at scala.meta.internal.pc.IndexedContext$.apply(IndexedContext.scala:71)
	at scala.meta.internal.pc.ScalaPresentationCompiler.complete$$anonfun$1(ScalaPresentationCompiler.scala:157)
	at scala.meta.internal.pc.CompilerAccess.withSharedCompiler(CompilerAccess.scala:137)
	at scala.meta.internal.pc.CompilerAccess.$anonfun$1(CompilerAccess.scala:87)
	at scala.meta.internal.pc.CompilerAccess.onCompilerJobQueue$$anonfun$1(CompilerAccess.scala:197)
	at scala.meta.internal.pc.CompilerJobQueue$Job.run(CompilerJobQueue.scala:139)
	at java.base/java.util.concurrent.ThreadPoolExecutor.runWorker(ThreadPoolExecutor.java:1128)
	at java.base/java.util.concurrent.ThreadPoolExecutor$Worker.run(ThreadPoolExecutor.java:628)
	at java.base/java.lang.Thread.run(Thread.java:829)
Exception in thread "pool-3-thread-13" dotty.tools.dotc.core.TypeError: Toplevel definition <init> is defined in
  /home/nico/scala-airport-project/build.sbt
and also in
  /home/nico/scala-airport-project/src/main/scala/Main.scala
One of these files should be removed from the classpath.
	at dotty.tools.dotc.core.SymDenotations$PackageClassDenotation.dropStale$1(SymDenotations.scala:2439)
	at dotty.tools.dotc.core.SymDenotations$PackageClassDenotation.recur$1(SymDenotations.scala:2403)
	at dotty.tools.dotc.core.SymDenotations$PackageClassDenotation.computeMembersNamed(SymDenotations.scala:2459)
	at dotty.tools.dotc.core.SymDenotations$ClassDenotation.membersNamed(SymDenotations.scala:2012)
	at dotty.tools.dotc.core.SymDenotations$ClassDenotation.findMember(SymDenotations.scala:2063)
	at dotty.tools.dotc.core.Types$Type.go$1(Types.scala:683)
	at dotty.tools.dotc.core.Types$Type.goThis$1(Types.scala:807)
	at dotty.tools.dotc.core.Types$Type.go$1(Types.scala:700)
	at dotty.tools.dotc.core.Types$Type.findMember(Types.scala:870)
	at dotty.tools.dotc.core.Types$Type.memberBasedOnFlags(Types.scala:666)
	at dotty.tools.dotc.core.Types$Type.member(Types.scala:650)
	at dotty.tools.dotc.core.Types$Type.allMembers$$anonfun$1(Types.scala:1011)
	at scala.runtime.function.JProcedure2.apply(JProcedure2.java:15)
	at scala.runtime.function.JProcedure2.apply(JProcedure2.java:10)
	at dotty.tools.dotc.core.Types$Type.memberDenots$$anonfun$1(Types.scala:916)
	at scala.runtime.function.JProcedure1.apply(JProcedure1.java:15)
	at scala.runtime.function.JProcedure1.apply(JProcedure1.java:10)
	at scala.collection.immutable.BitmapIndexedSetNode.foreach(HashSet.scala:937)
	at scala.collection.immutable.HashSet.foreach(HashSet.scala:944)
	at dotty.tools.dotc.core.Types$Type.memberDenots(Types.scala:916)
	at dotty.tools.dotc.core.Types$Type.allMembers(Types.scala:1011)
	at scala.meta.internal.pc.IndexedContext$.accesibleMembers$1(IndexedContext.scala:133)
	at scala.meta.internal.pc.IndexedContext$.scala$meta$internal$pc$IndexedContext$$$extractNames(IndexedContext.scala:188)
	at scala.meta.internal.pc.IndexedContext$LazyWrapper.<init>(IndexedContext.scala:83)
	at scala.meta.internal.pc.IndexedContext$.apply(IndexedContext.scala:71)
	at scala.meta.internal.pc.IndexedContext$LazyWrapper.<init>(IndexedContext.scala:82)
	at scala.meta.internal.pc.IndexedContext$.apply(IndexedContext.scala:71)
	at scala.meta.internal.pc.IndexedContext$LazyWrapper.<init>(IndexedContext.scala:82)
	at scala.meta.internal.pc.IndexedContext$.apply(IndexedContext.scala:71)
	at scala.meta.internal.pc.IndexedContext$LazyWrapper.<init>(IndexedContext.scala:82)
	at scala.meta.internal.pc.IndexedContext$.apply(IndexedContext.scala:71)
	at scala.meta.internal.pc.IndexedContext$LazyWrapper.<init>(IndexedContext.scala:82)
	at scala.meta.internal.pc.IndexedContext$.apply(IndexedContext.scala:71)
	at scala.meta.internal.pc.IndexedContext$LazyWrapper.<init>(IndexedContext.scala:82)
	at scala.meta.internal.pc.IndexedContext$.apply(IndexedContext.scala:71)
	at scala.meta.internal.pc.IndexedContext$LazyWrapper.<init>(IndexedContext.scala:82)
	at scala.meta.internal.pc.IndexedContext$.apply(IndexedContext.scala:71)
	at scala.meta.internal.pc.IndexedContext$LazyWrapper.<init>(IndexedContext.scala:82)
	at scala.meta.internal.pc.IndexedContext$.apply(IndexedContext.scala:71)
	at scala.meta.internal.pc.IndexedContext$LazyWrapper.<init>(IndexedContext.scala:82)
	at scala.meta.internal.pc.IndexedContext$.apply(IndexedContext.scala:71)
	at scala.meta.internal.pc.IndexedContext$LazyWrapper.<init>(IndexedContext.scala:82)
	at scala.meta.internal.pc.IndexedContext$.apply(IndexedContext.scala:71)
	at scala.meta.internal.pc.ScalaPresentationCompiler.complete$$anonfun$1(ScalaPresentationCompiler.scala:157)
	at scala.meta.internal.pc.CompilerAccess.withSharedCompiler(CompilerAccess.scala:137)
	at scala.meta.internal.pc.CompilerAccess.$anonfun$1(CompilerAccess.scala:87)
	at scala.meta.internal.pc.CompilerAccess.onCompilerJobQueue$$anonfun$1(CompilerAccess.scala:197)
	at scala.meta.internal.pc.CompilerJobQueue$Job.run(CompilerJobQueue.scala:139)
	at java.base/java.util.concurrent.ThreadPoolExecutor.runWorker(ThreadPoolExecutor.java:1128)
	at java.base/java.util.concurrent.ThreadPoolExecutor$Worker.run(ThreadPoolExecutor.java:628)
	at java.base/java.lang.Thread.run(Thread.java:829)
Exception in thread "pool-3-thread-14" dotty.tools.dotc.core.TypeError: Toplevel definition <init> is defined in
  /home/nico/scala-airport-project/build.sbt
and also in
  /home/nico/scala-airport-project/src/main/scala/Main.scala
One of these files should be removed from the classpath.
	at dotty.tools.dotc.core.SymDenotations$PackageClassDenotation.dropStale$1(SymDenotations.scala:2439)
	at dotty.tools.dotc.core.SymDenotations$PackageClassDenotation.recur$1(SymDenotations.scala:2403)
	at dotty.tools.dotc.core.SymDenotations$PackageClassDenotation.computeMembersNamed(SymDenotations.scala:2459)
	at dotty.tools.dotc.core.SymDenotations$ClassDenotation.membersNamed(SymDenotations.scala:2012)
	at dotty.tools.dotc.core.SymDenotations$ClassDenotation.findMember(SymDenotations.scala:2063)
	at dotty.tools.dotc.core.Types$Type.go$1(Types.scala:683)
	at dotty.tools.dotc.core.Types$Type.goThis$1(Types.scala:807)
	at dotty.tools.dotc.core.Types$Type.go$1(Types.scala:700)
	at dotty.tools.dotc.core.Types$Type.findMember(Types.scala:870)
	at dotty.tools.dotc.core.Types$Type.memberBasedOnFlags(Types.scala:666)
	at dotty.tools.dotc.core.Types$Type.member(Types.scala:650)
	at dotty.tools.dotc.core.Types$Type.allMembers$$anonfun$1(Types.scala:1011)
	at scala.runtime.function.JProcedure2.apply(JProcedure2.java:15)
	at scala.runtime.function.JProcedure2.apply(JProcedure2.java:10)
	at dotty.tools.dotc.core.Types$Type.memberDenots$$anonfun$1(Types.scala:916)
	at scala.runtime.function.JProcedure1.apply(JProcedure1.java:15)
	at scala.runtime.function.JProcedure1.apply(JProcedure1.java:10)
	at scala.collection.immutable.BitmapIndexedSetNode.foreach(HashSet.scala:937)
	at scala.collection.immutable.HashSet.foreach(HashSet.scala:944)
	at dotty.tools.dotc.core.Types$Type.memberDenots(Types.scala:916)
	at dotty.tools.dotc.core.Types$Type.allMembers(Types.scala:1011)
	at scala.meta.internal.pc.IndexedContext$.accesibleMembers$1(IndexedContext.scala:133)
	at scala.meta.internal.pc.IndexedContext$.scala$meta$internal$pc$IndexedContext$$$extractNames(IndexedContext.scala:188)
	at scala.meta.internal.pc.IndexedContext$LazyWrapper.<init>(IndexedContext.scala:83)
	at scala.meta.internal.pc.IndexedContext$.apply(IndexedContext.scala:71)
	at scala.meta.internal.pc.IndexedContext$LazyWrapper.<init>(IndexedContext.scala:82)
	at scala.meta.internal.pc.IndexedContext$.apply(IndexedContext.scala:71)
	at scala.meta.internal.pc.IndexedContext$LazyWrapper.<init>(IndexedContext.scala:82)
	at scala.meta.internal.pc.IndexedContext$.apply(IndexedContext.scala:71)
	at scala.meta.internal.pc.IndexedContext$LazyWrapper.<init>(IndexedContext.scala:82)
	at scala.meta.internal.pc.IndexedContext$.apply(IndexedContext.scala:71)
	at scala.meta.internal.pc.IndexedContext$LazyWrapper.<init>(IndexedContext.scala:82)
	at scala.meta.internal.pc.IndexedContext$.apply(IndexedContext.scala:71)
	at scala.meta.internal.pc.IndexedContext$LazyWrapper.<init>(IndexedContext.scala:82)
	at scala.meta.internal.pc.IndexedContext$.apply(IndexedContext.scala:71)
	at scala.meta.internal.pc.IndexedContext$LazyWrapper.<init>(IndexedContext.scala:82)
	at scala.meta.internal.pc.IndexedContext$.apply(IndexedContext.scala:71)
	at scala.meta.internal.pc.IndexedContext$LazyWrapper.<init>(IndexedContext.scala:82)
	at scala.meta.internal.pc.IndexedContext$.apply(IndexedContext.scala:71)
	at scala.meta.internal.pc.IndexedContext$LazyWrapper.<init>(IndexedContext.scala:82)
	at scala.meta.internal.pc.IndexedContext$.apply(IndexedContext.scala:71)
	at scala.meta.internal.pc.IndexedContext$LazyWrapper.<init>(IndexedContext.scala:82)
	at scala.meta.internal.pc.IndexedContext$.apply(IndexedContext.scala:71)
	at scala.meta.internal.pc.ScalaPresentationCompiler.complete$$anonfun$1(ScalaPresentationCompiler.scala:157)
	at scala.meta.internal.pc.CompilerAccess.withSharedCompiler(CompilerAccess.scala:137)
	at scala.meta.internal.pc.CompilerAccess.$anonfun$1(CompilerAccess.scala:87)
	at scala.meta.internal.pc.CompilerAccess.onCompilerJobQueue$$anonfun$1(CompilerAccess.scala:197)
	at scala.meta.internal.pc.CompilerJobQueue$Job.run(CompilerJobQueue.scala:139)
	at java.base/java.util.concurrent.ThreadPoolExecutor.runWorker(ThreadPoolExecutor.java:1128)
	at java.base/java.util.concurrent.ThreadPoolExecutor$Worker.run(ThreadPoolExecutor.java:628)
	at java.base/java.lang.Thread.run(Thread.java:829)
Exception in thread "pool-3-thread-15" dotty.tools.dotc.core.TypeError: Toplevel definition <init> is defined in
  /home/nico/scala-airport-project/build.sbt
and also in
  /home/nico/scala-airport-project/src/main/scala/Main.scala
One of these files should be removed from the classpath.
	at dotty.tools.dotc.core.SymDenotations$PackageClassDenotation.dropStale$1(SymDenotations.scala:2439)
	at dotty.tools.dotc.core.SymDenotations$PackageClassDenotation.recur$1(SymDenotations.scala:2403)
	at dotty.tools.dotc.core.SymDenotations$PackageClassDenotation.computeMembersNamed(SymDenotations.scala:2459)
	at dotty.tools.dotc.core.SymDenotations$ClassDenotation.membersNamed(SymDenotations.scala:2012)
	at dotty.tools.dotc.core.SymDenotations$ClassDenotation.findMember(SymDenotations.scala:2063)
	at dotty.tools.dotc.core.Types$Type.go$1(Types.scala:683)
	at dotty.tools.dotc.core.Types$Type.goThis$1(Types.scala:807)
	at dotty.tools.dotc.core.Types$Type.go$1(Types.scala:700)
	at dotty.tools.dotc.core.Types$Type.findMember(Types.scala:870)
	at dotty.tools.dotc.core.Types$Type.memberBasedOnFlags(Types.scala:666)
	at dotty.tools.dotc.core.Types$Type.member(Types.scala:650)
	at dotty.tools.dotc.core.Types$Type.allMembers$$anonfun$1(Types.scala:1011)
	at scala.runtime.function.JProcedure2.apply(JProcedure2.java:15)
	at scala.runtime.function.JProcedure2.apply(JProcedure2.java:10)
	at dotty.tools.dotc.core.Types$Type.memberDenots$$anonfun$1(Types.scala:916)
	at scala.runtime.function.JProcedure1.apply(JProcedure1.java:15)
	at scala.runtime.function.JProcedure1.apply(JProcedure1.java:10)
	at scala.collection.immutable.BitmapIndexedSetNode.foreach(HashSet.scala:937)
	at scala.collection.immutable.HashSet.foreach(HashSet.scala:944)
	at dotty.tools.dotc.core.Types$Type.memberDenots(Types.scala:916)
	at dotty.tools.dotc.core.Types$Type.allMembers(Types.scala:1011)
	at scala.meta.internal.pc.IndexedContext$.accesibleMembers$1(IndexedContext.scala:133)
	at scala.meta.internal.pc.IndexedContext$.scala$meta$internal$pc$IndexedContext$$$extractNames(IndexedContext.scala:188)
	at scala.meta.internal.pc.IndexedContext$LazyWrapper.<init>(IndexedContext.scala:83)
	at scala.meta.internal.pc.IndexedContext$.apply(IndexedContext.scala:71)
	at scala.meta.internal.pc.IndexedContext$LazyWrapper.<init>(IndexedContext.scala:82)
	at scala.meta.internal.pc.IndexedContext$.apply(IndexedContext.scala:71)
	at scala.meta.internal.pc.IndexedContext$LazyWrapper.<init>(IndexedContext.scala:82)
	at scala.meta.internal.pc.IndexedContext$.apply(IndexedContext.scala:71)
	at scala.meta.internal.pc.IndexedContext$LazyWrapper.<init>(IndexedContext.scala:82)
	at scala.meta.internal.pc.IndexedContext$.apply(IndexedContext.scala:71)
	at scala.meta.internal.pc.IndexedContext$LazyWrapper.<init>(IndexedContext.scala:82)
	at scala.meta.internal.pc.IndexedContext$.apply(IndexedContext.scala:71)
	at scala.meta.internal.pc.IndexedContext$LazyWrapper.<init>(IndexedContext.scala:82)
	at scala.meta.internal.pc.IndexedContext$.apply(IndexedContext.scala:71)
	at scala.meta.internal.pc.IndexedContext$LazyWrapper.<init>(IndexedContext.scala:82)
	at scala.meta.internal.pc.IndexedContext$.apply(IndexedContext.scala:71)
	at scala.meta.internal.pc.IndexedContext$LazyWrapper.<init>(IndexedContext.scala:82)
	at scala.meta.internal.pc.IndexedContext$.apply(IndexedContext.scala:71)
	at scala.meta.internal.pc.IndexedContext$LazyWrapper.<init>(IndexedContext.scala:82)
	at scala.meta.internal.pc.IndexedContext$.apply(IndexedContext.scala:71)
	at scala.meta.internal.pc.IndexedContext$LazyWrapper.<init>(IndexedContext.scala:82)
	at scala.meta.internal.pc.IndexedContext$.apply(IndexedContext.scala:71)
	at scala.meta.internal.pc.ScalaPresentationCompiler.complete$$anonfun$1(ScalaPresentationCompiler.scala:157)
	at scala.meta.internal.pc.CompilerAccess.withSharedCompiler(CompilerAccess.scala:137)
	at scala.meta.internal.pc.CompilerAccess.$anonfun$1(CompilerAccess.scala:87)
	at scala.meta.internal.pc.CompilerAccess.onCompilerJobQueue$$anonfun$1(CompilerAccess.scala:197)
	at scala.meta.internal.pc.CompilerJobQueue$Job.run(CompilerJobQueue.scala:139)
	at java.base/java.util.concurrent.ThreadPoolExecutor.runWorker(ThreadPoolExecutor.java:1128)
	at java.base/java.util.concurrent.ThreadPoolExecutor$Worker.run(ThreadPoolExecutor.java:628)
	at java.base/java.lang.Thread.run(Thread.java:829)
Exception in thread "pool-3-thread-16" dotty.tools.dotc.core.TypeError: Toplevel definition <init> is defined in
  /home/nico/scala-airport-project/build.sbt
and also in
  /home/nico/scala-airport-project/src/main/scala/Main.scala
One of these files should be removed from the classpath.
	at dotty.tools.dotc.core.SymDenotations$PackageClassDenotation.dropStale$1(SymDenotations.scala:2439)
	at dotty.tools.dotc.core.SymDenotations$PackageClassDenotation.recur$1(SymDenotations.scala:2403)
	at dotty.tools.dotc.core.SymDenotations$PackageClassDenotation.computeMembersNamed(SymDenotations.scala:2459)
	at dotty.tools.dotc.core.SymDenotations$ClassDenotation.membersNamed(SymDenotations.scala:2012)
	at dotty.tools.dotc.core.SymDenotations$ClassDenotation.findMember(SymDenotations.scala:2063)
	at dotty.tools.dotc.core.Types$Type.go$1(Types.scala:683)
	at dotty.tools.dotc.core.Types$Type.goThis$1(Types.scala:807)
	at dotty.tools.dotc.core.Types$Type.go$1(Types.scala:700)
	at dotty.tools.dotc.core.Types$Type.findMember(Types.scala:870)
	at dotty.tools.dotc.core.Types$Type.memberBasedOnFlags(Types.scala:666)
	at dotty.tools.dotc.core.Types$Type.member(Types.scala:650)
	at dotty.tools.dotc.core.Types$Type.allMembers$$anonfun$1(Types.scala:1011)
	at scala.runtime.function.JProcedure2.apply(JProcedure2.java:15)
	at scala.runtime.function.JProcedure2.apply(JProcedure2.java:10)
	at dotty.tools.dotc.core.Types$Type.memberDenots$$anonfun$1(Types.scala:916)
	at scala.runtime.function.JProcedure1.apply(JProcedure1.java:15)
	at scala.runtime.function.JProcedure1.apply(JProcedure1.java:10)
	at scala.collection.immutable.BitmapIndexedSetNode.foreach(HashSet.scala:937)
	at scala.collection.immutable.HashSet.foreach(HashSet.scala:944)
	at dotty.tools.dotc.core.Types$Type.memberDenots(Types.scala:916)
	at dotty.tools.dotc.core.Types$Type.allMembers(Types.scala:1011)
	at scala.meta.internal.pc.IndexedContext$.accesibleMembers$1(IndexedContext.scala:133)
	at scala.meta.internal.pc.IndexedContext$.scala$meta$internal$pc$IndexedContext$$$extractNames(IndexedContext.scala:188)
	at scala.meta.internal.pc.IndexedContext$LazyWrapper.<init>(IndexedContext.scala:83)
	at scala.meta.internal.pc.IndexedContext$.apply(IndexedContext.scala:71)
	at scala.meta.internal.pc.IndexedContext$LazyWrapper.<init>(IndexedContext.scala:82)
	at scala.meta.internal.pc.IndexedContext$.apply(IndexedContext.scala:71)
	at scala.meta.internal.pc.IndexedContext$LazyWrapper.<init>(IndexedContext.scala:82)
	at scala.meta.internal.pc.IndexedContext$.apply(IndexedContext.scala:71)
	at scala.meta.internal.pc.IndexedContext$LazyWrapper.<init>(IndexedContext.scala:82)
	at scala.meta.internal.pc.IndexedContext$.apply(IndexedContext.scala:71)
	at scala.meta.internal.pc.IndexedContext$LazyWrapper.<init>(IndexedContext.scala:82)
	at scala.meta.internal.pc.IndexedContext$.apply(IndexedContext.scala:71)
	at scala.meta.internal.pc.IndexedContext$LazyWrapper.<init>(IndexedContext.scala:82)
	at scala.meta.internal.pc.IndexedContext$.apply(IndexedContext.scala:71)
	at scala.meta.internal.pc.IndexedContext$LazyWrapper.<init>(IndexedContext.scala:82)
	at scala.meta.internal.pc.IndexedContext$.apply(IndexedContext.scala:71)
	at scala.meta.internal.pc.IndexedContext$LazyWrapper.<init>(IndexedContext.scala:82)
	at scala.meta.internal.pc.IndexedContext$.apply(IndexedContext.scala:71)
	at scala.meta.internal.pc.ScalaPresentationCompiler.complete$$anonfun$1(ScalaPresentationCompiler.scala:157)
	at scala.meta.internal.pc.CompilerAccess.withSharedCompiler(CompilerAccess.scala:137)
	at scala.meta.internal.pc.CompilerAccess.$anonfun$1(CompilerAccess.scala:87)
	at scala.meta.internal.pc.CompilerAccess.onCompilerJobQueue$$anonfun$1(CompilerAccess.scala:197)
	at scala.meta.internal.pc.CompilerJobQueue$Job.run(CompilerJobQueue.scala:139)
	at java.base/java.util.concurrent.ThreadPoolExecutor.runWorker(ThreadPoolExecutor.java:1128)
	at java.base/java.util.concurrent.ThreadPoolExecutor$Worker.run(ThreadPoolExecutor.java:628)
	at java.base/java.lang.Thread.run(Thread.java:829)
Exception in thread "pool-3-thread-17" dotty.tools.dotc.core.TypeError: Toplevel definition <init> is defined in
  /home/nico/scala-airport-project/build.sbt
and also in
  /home/nico/scala-airport-project/src/main/scala/Main.scala
One of these files should be removed from the classpath.
	at dotty.tools.dotc.core.SymDenotations$PackageClassDenotation.dropStale$1(SymDenotations.scala:2439)
	at dotty.tools.dotc.core.SymDenotations$PackageClassDenotation.recur$1(SymDenotations.scala:2403)
	at dotty.tools.dotc.core.SymDenotations$PackageClassDenotation.computeMembersNamed(SymDenotations.scala:2459)
	at dotty.tools.dotc.core.SymDenotations$ClassDenotation.membersNamed(SymDenotations.scala:2012)
	at dotty.tools.dotc.core.SymDenotations$ClassDenotation.findMember(SymDenotations.scala:2063)
	at dotty.tools.dotc.core.Types$Type.go$1(Types.scala:683)
	at dotty.tools.dotc.core.Types$Type.goThis$1(Types.scala:807)
	at dotty.tools.dotc.core.Types$Type.go$1(Types.scala:700)
	at dotty.tools.dotc.core.Types$Type.findMember(Types.scala:870)
	at dotty.tools.dotc.core.Types$Type.memberBasedOnFlags(Types.scala:666)
	at dotty.tools.dotc.core.Types$Type.member(Types.scala:650)
	at dotty.tools.dotc.core.Types$Type.allMembers$$anonfun$1(Types.scala:1011)
	at scala.runtime.function.JProcedure2.apply(JProcedure2.java:15)
	at scala.runtime.function.JProcedure2.apply(JProcedure2.java:10)
	at dotty.tools.dotc.core.Types$Type.memberDenots$$anonfun$1(Types.scala:916)
	at scala.runtime.function.JProcedure1.apply(JProcedure1.java:15)
	at scala.runtime.function.JProcedure1.apply(JProcedure1.java:10)
	at scala.collection.immutable.BitmapIndexedSetNode.foreach(HashSet.scala:937)
	at scala.collection.immutable.HashSet.foreach(HashSet.scala:944)
	at dotty.tools.dotc.core.Types$Type.memberDenots(Types.scala:916)
	at dotty.tools.dotc.core.Types$Type.allMembers(Types.scala:1011)
	at scala.meta.internal.pc.IndexedContext$.accesibleMembers$1(IndexedContext.scala:133)
	at scala.meta.internal.pc.IndexedContext$.scala$meta$internal$pc$IndexedContext$$$extractNames(IndexedContext.scala:188)
	at scala.meta.internal.pc.IndexedContext$LazyWrapper.<init>(IndexedContext.scala:83)
	at scala.meta.internal.pc.IndexedContext$.apply(IndexedContext.scala:71)
	at scala.meta.internal.pc.IndexedContext$LazyWrapper.<init>(IndexedContext.scala:82)
	at scala.meta.internal.pc.IndexedContext$.apply(IndexedContext.scala:71)
	at scala.meta.internal.pc.IndexedContext$LazyWrapper.<init>(IndexedContext.scala:82)
	at scala.meta.internal.pc.IndexedContext$.apply(IndexedContext.scala:71)
	at scala.meta.internal.pc.IndexedContext$LazyWrapper.<init>(IndexedContext.scala:82)
	at scala.meta.internal.pc.IndexedContext$.apply(IndexedContext.scala:71)
	at scala.meta.internal.pc.IndexedContext$LazyWrapper.<init>(IndexedContext.scala:82)
	at scala.meta.internal.pc.IndexedContext$.apply(IndexedContext.scala:71)
	at scala.meta.internal.pc.IndexedContext$LazyWrapper.<init>(IndexedContext.scala:82)
	at scala.meta.internal.pc.IndexedContext$.apply(IndexedContext.scala:71)
	at scala.meta.internal.pc.IndexedContext$LazyWrapper.<init>(IndexedContext.scala:82)
	at scala.meta.internal.pc.IndexedContext$.apply(IndexedContext.scala:71)
	at scala.meta.internal.pc.IndexedContext$LazyWrapper.<init>(IndexedContext.scala:82)
	at scala.meta.internal.pc.IndexedContext$.apply(IndexedContext.scala:71)
	at scala.meta.internal.pc.ScalaPresentationCompiler.complete$$anonfun$1(ScalaPresentationCompiler.scala:157)
	at scala.meta.internal.pc.CompilerAccess.withSharedCompiler(CompilerAccess.scala:137)
	at scala.meta.internal.pc.CompilerAccess.$anonfun$1(CompilerAccess.scala:87)
	at scala.meta.internal.pc.CompilerAccess.onCompilerJobQueue$$anonfun$1(CompilerAccess.scala:197)
	at scala.meta.internal.pc.CompilerJobQueue$Job.run(CompilerJobQueue.scala:139)
	at java.base/java.util.concurrent.ThreadPoolExecutor.runWorker(ThreadPoolExecutor.java:1128)
	at java.base/java.util.concurrent.ThreadPoolExecutor$Worker.run(ThreadPoolExecutor.java:628)
	at java.base/java.lang.Thread.run(Thread.java:829)
Jan 31, 2022 2:09:17 AM org.eclipse.lsp4j.jsonrpc.RemoteEndpoint handleCancellation
WARNING: Unmatched cancel notification for request id 2216
2022.01.31 02:09:43 WARN  no build target for: /home/nico/scala-airport-project/src/main/scala/Main.scala
2022.01.31 02:09:45 WARN  no build target for: /home/nico/scala-airport-project/src/main/scala/Main.scala
2022.01.31 02:09:54 WARN  no build target for: /home/nico/scala-airport-project/src/main/scala/Main.scala
Jan 31, 2022 2:12:21 AM org.eclipse.lsp4j.jsonrpc.RemoteEndpoint handleCancellation
WARNING: Unmatched cancel notification for request id 2243
Jan 31, 2022 2:12:21 AM org.eclipse.lsp4j.jsonrpc.RemoteEndpoint handleCancellation
WARNING: Unmatched cancel notification for request id 2246
2022.01.31 02:12:37 WARN  no build target for: /home/nico/scala-airport-project/src/main/scala/fileReader/model/Airport.scala
Jan 31, 2022 2:12:38 AM org.eclipse.lsp4j.jsonrpc.RemoteEndpoint handleCancellation
WARNING: Unmatched cancel notification for request id 2262
Jan 31, 2022 2:13:13 AM org.eclipse.lsp4j.jsonrpc.RemoteEndpoint handleCancellation
WARNING: Unmatched cancel notification for request id 2280
2022.01.31 02:13:13 WARN  no build target for: /home/nico/scala-airport-project/src/main/scala/fileReader/model/Airport.scala
Jan 31, 2022 2:13:13 AM org.eclipse.lsp4j.jsonrpc.RemoteEndpoint handleCancellation
WARNING: Unmatched cancel notification for request id 2285
Jan 31, 2022 2:13:13 AM org.eclipse.lsp4j.jsonrpc.RemoteEndpoint handleCancellation
WARNING: Unmatched cancel notification for request id 2286
2022.01.31 02:13:16 INFO  time: code lens generation in 2.24s
2022.01.31 02:13:40 WARN  no build target for: /home/nico/scala-airport-project/src/main/scala/fileReader/model/Airport.scala
2022.01.31 02:14:49 WARN  no build target for: /home/nico/scala-airport-project/src/main/scala/fileReader/model/Airport.scala
2022.01.31 02:15:05 WARN  no build target for: /home/nico/scala-airport-project/src/main/scala/fileReader/model/Airport.scala
2022.01.31 02:15:11 WARN  no build target for: /home/nico/scala-airport-project/src/main/scala/fileReader/model/Airport.scala
Exception in thread "pool-3-thread-18" dotty.tools.dotc.core.TypeError: Toplevel definition <init> is defined in
  /home/nico/scala-airport-project/build.sbt
and also in
  /home/nico/scala-airport-project/src/main/scala/Main.scala
One of these files should be removed from the classpath.
	at dotty.tools.dotc.core.SymDenotations$PackageClassDenotation.dropStale$1(SymDenotations.scala:2439)
	at dotty.tools.dotc.core.SymDenotations$PackageClassDenotation.recur$1(SymDenotations.scala:2403)
	at dotty.tools.dotc.core.SymDenotations$PackageClassDenotation.computeMembersNamed(SymDenotations.scala:2459)
	at dotty.tools.dotc.core.SymDenotations$ClassDenotation.membersNamed(SymDenotations.scala:2012)
	at dotty.tools.dotc.core.SymDenotations$ClassDenotation.findMember(SymDenotations.scala:2063)
	at dotty.tools.dotc.core.Types$Type.go$1(Types.scala:683)
	at dotty.tools.dotc.core.Types$Type.goThis$1(Types.scala:807)
	at dotty.tools.dotc.core.Types$Type.go$1(Types.scala:700)
	at dotty.tools.dotc.core.Types$Type.findMember(Types.scala:870)
	at dotty.tools.dotc.core.Types$Type.memberBasedOnFlags(Types.scala:666)
	at dotty.tools.dotc.core.Types$Type.member(Types.scala:650)
	at dotty.tools.dotc.core.Types$Type.allMembers$$anonfun$1(Types.scala:1011)
	at scala.runtime.function.JProcedure2.apply(JProcedure2.java:15)
	at scala.runtime.function.JProcedure2.apply(JProcedure2.java:10)
	at dotty.tools.dotc.core.Types$Type.memberDenots$$anonfun$1(Types.scala:916)
	at scala.runtime.function.JProcedure1.apply(JProcedure1.java:15)
	at scala.runtime.function.JProcedure1.apply(JProcedure1.java:10)
	at scala.collection.immutable.BitmapIndexedSetNode.foreach(HashSet.scala:937)
	at scala.collection.immutable.HashSet.foreach(HashSet.scala:944)
	at dotty.tools.dotc.core.Types$Type.memberDenots(Types.scala:916)
	at dotty.tools.dotc.core.Types$Type.allMembers(Types.scala:1011)
	at scala.meta.internal.pc.IndexedContext$.accesibleMembers$1(IndexedContext.scala:133)
	at scala.meta.internal.pc.IndexedContext$.scala$meta$internal$pc$IndexedContext$$$extractNames(IndexedContext.scala:188)
	at scala.meta.internal.pc.IndexedContext$LazyWrapper.<init>(IndexedContext.scala:83)
	at scala.meta.internal.pc.IndexedContext$.apply(IndexedContext.scala:71)
	at scala.meta.internal.pc.IndexedContext$LazyWrapper.<init>(IndexedContext.scala:82)
	at scala.meta.internal.pc.IndexedContext$.apply(IndexedContext.scala:71)
	at scala.meta.internal.pc.IndexedContext$LazyWrapper.<init>(IndexedContext.scala:82)
	at scala.meta.internal.pc.IndexedContext$.apply(IndexedContext.scala:71)
	at scala.meta.internal.pc.IndexedContext$LazyWrapper.<init>(IndexedContext.scala:82)
	at scala.meta.internal.pc.IndexedContext$.apply(IndexedContext.scala:71)
	at scala.meta.internal.pc.IndexedContext$LazyWrapper.<init>(IndexedContext.scala:82)
	at scala.meta.internal.pc.IndexedContext$.apply(IndexedContext.scala:71)
	at scala.meta.internal.pc.IndexedContext$LazyWrapper.<init>(IndexedContext.scala:82)
	at scala.meta.internal.pc.IndexedContext$.apply(IndexedContext.scala:71)
	at scala.meta.internal.pc.IndexedContext$LazyWrapper.<init>(IndexedContext.scala:82)
	at scala.meta.internal.pc.IndexedContext$.apply(IndexedContext.scala:71)
	at scala.meta.internal.pc.IndexedContext$LazyWrapper.<init>(IndexedContext.scala:82)
	at scala.meta.internal.pc.IndexedContext$.apply(IndexedContext.scala:71)
	at scala.meta.internal.pc.IndexedContext$LazyWrapper.<init>(IndexedContext.scala:82)
	at scala.meta.internal.pc.IndexedContext$.apply(IndexedContext.scala:71)
	at scala.meta.internal.pc.IndexedContext$LazyWrapper.<init>(IndexedContext.scala:82)
	at scala.meta.internal.pc.IndexedContext$.apply(IndexedContext.scala:71)
	at scala.meta.internal.pc.ScalaPresentationCompiler.complete$$anonfun$1(ScalaPresentationCompiler.scala:157)
	at scala.meta.internal.pc.CompilerAccess.withSharedCompiler(CompilerAccess.scala:137)
	at scala.meta.internal.pc.CompilerAccess.$anonfun$1(CompilerAccess.scala:87)
	at scala.meta.internal.pc.CompilerAccess.onCompilerJobQueue$$anonfun$1(CompilerAccess.scala:197)
	at scala.meta.internal.pc.CompilerJobQueue$Job.run(CompilerJobQueue.scala:139)
	at java.base/java.util.concurrent.ThreadPoolExecutor.runWorker(ThreadPoolExecutor.java:1128)
	at java.base/java.util.concurrent.ThreadPoolExecutor$Worker.run(ThreadPoolExecutor.java:628)
	at java.base/java.lang.Thread.run(Thread.java:829)
2022.01.31 02:15:48 WARN  no build target for: /home/nico/scala-airport-project/src/main/scala/Main.scala
2022.01.31 02:20:24 WARN  no build target for: /home/nico/scala-airport-project/src/main/scala/fileReader/model/Airport.scala
2022.01.31 02:21:00 WARN  no build target for: /home/nico/scala-airport-project/src/main/scala/fileReader/model/Airport.scala
2022.01.31 02:22:28 WARN  no build target for: /home/nico/scala-airport-project/src/main/scala/fileReader/model/Airport.scala
2022.01.31 02:23:47 WARN  no build target for: /home/nico/scala-airport-project/src/main/scala/fileReader/model/Airport.scala
Jan 31, 2022 2:24:17 AM org.eclipse.lsp4j.jsonrpc.RemoteEndpoint handleCancellation
WARNING: Unmatched cancel notification for request id 3523
2022.01.31 02:24:49 WARN  no build target for: /home/nico/scala-airport-project/src/main/scala/fileReader/model/Airport.scala
2022.01.31 02:24:58 WARN  no build target for: /home/nico/scala-airport-project/src/main/scala/fileReader/model/Airport.scala
2022.02.13 15:00:24 INFO  tracing is disabled for protocol LSP, to enable tracing of incoming and outgoing JSON messages create an empty file at /home/nico/scala-airport-project/.metals/lsp.trace.json or /home/nico/.cache/metals/lsp.trace.json
2022.02.13 15:00:25 INFO  logging to file /home/nico/scala-airport-project/.metals/metals.log
2022.02.13 15:00:25 INFO  Started: Metals version 0.11.1 in workspace '/home/nico/scala-airport-project' for client Visual Studio Code 1.63.2.
2022.02.13 15:00:25 INFO  Parse release: 11.0.13
2022.02.13 15:00:31 INFO  time: initialize in 5.25s
2022.02.13 15:00:36 WARN  Build server is not auto-connectable.
2022.02.13 15:00:36 WARN  no build target for: /home/nico/scala-airport-project/src/main/scala/fileReader/model/Airport.scala
2022.02.13 15:00:37 INFO  skipping build import with status 'Requested'
2022.02.13 15:00:46 INFO  no build target found for /home/nico/scala-airport-project/src/main/scala/fileReader/model/Airport.scala. Using presentation compiler with project's scala-library version: 3.1.0
2022.02.13 15:00:53 INFO  time: code lens generation in 14s
2022.02.13 15:12:20 WARN  no build target for: /home/nico/scala-airport-project/src/main/scala/Main.scala
Feb 13, 2022 3:12:30 PM org.eclipse.lsp4j.jsonrpc.RemoteEndpoint handleCancellation
WARNING: Unmatched cancel notification for request id 40
2022.02.13 15:12:37 WARN  no build target for: /home/nico/scala-airport-project/src/main/scala/Main.scala
2022.02.13 15:13:59 WARN  no build target for: /home/nico/scala-airport-project/src/test/scala/Test1.scala
2022.02.13 15:14:04 WARN  no build target for: /home/nico/scala-airport-project/src/test/scala/Test1.scala
2022.02.13 15:14:09 WARN  no build target for: /home/nico/scala-airport-project/src/test/scala/Test1.scala
Feb 13, 2022 3:14:52 PM org.eclipse.lsp4j.jsonrpc.services.GenericEndpoint notify
INFO: Unsupported notification method: $/setTrace
2022.02.13 15:16:46 WARN  no build target for: /home/nico/scala-airport-project/src/main/scala/Main.scala
2022.02.13 15:16:46 WARN  no build target for: /home/nico/scala-airport-project/src/main/scala/Main.scala
2022.02.13 15:17:26 WARN  no build target for: /home/nico/scala-airport-project/src/main/scala/Main.scala
